<?xml version="1.0" encoding="UTF-8"?>
<testExecutions version="1">
  <file path="/Users/paulcailly/dev/src/applyfuture/students/src/components/layout/landing-layout/LandingLayout.test.tsx">
    <testCase name="LandingLayout can render without crashing" duration="188"/>
  </file>
  <file path="/Users/paulcailly/dev/src/applyfuture/students/src/components/layout/mobile-menu/MobileMenu.test.tsx">
    <testCase name="MobileMenu can render without crashing" duration="333"/>
    <testCase name="MobileMenu can call the close callback when clicking on the close icon" duration="33"/>
    <testCase name="MobileMenu can call the close callback when clicking on an anchor" duration="25"/>
  </file>
  <file path="/Users/paulcailly/dev/src/applyfuture/students/src/components/core/button/Button.test.tsx">
    <testCase name="Button can render a button without crashing" duration="145"/>
    <testCase name="Button can render a button with text" duration="33"/>
    <testCase name="Button can render a primary variant button" duration="26"/>
    <testCase name="Button can render a secondary variant button" duration="20"/>
    <testCase name="Button can render a success variant button" duration="21"/>
    <testCase name="Button can render a danger variant button" duration="31"/>
    <testCase name="Button can render a disabled button" duration="16"/>
    <testCase name="Button can render a button with a start icon" duration="130"/>
    <testCase name="Button can render a button with a start icon" duration="38"/>
    <testCase name="Button can render a loading button" duration="29"/>
  </file>
  <file path="/Users/paulcailly/dev/src/applyfuture/students/src/components/layout/header/Header.test.tsx">
    <testCase name="Header can render without crashing" duration="319"/>
    <testCase name="Header can call the open callback when clicking on an anchor" duration="25"/>
  </file>
  <file path="/Users/paulcailly/dev/src/applyfuture/students/src/components/core/input/Input.test.tsx">
    <testCase name="Input can render an input without crashing" duration="184"/>
    <testCase name="Input can render a default input" duration="44"/>
    <testCase name="Input can render a textarea input" duration="15"/>
    <testCase name="Input can render an input with a placeholder" duration="7"/>
    <testCase name="Input can render an input with a tooltip" duration="138"/>
    <testCase name="Input can render an input with optional label" duration="12"/>
    <testCase name="Input can render a disabled input" duration="33"/>
    <testCase name="Input can render an onError input" duration="38"/>
    <testCase name="Input can render a skeleton when loading" duration="35"/>
  </file>
  <file path="/Users/paulcailly/dev/src/applyfuture/students/src/components/layout/nav/Nav.test.tsx">
    <testCase name="Nav can render without crashing" duration="68"/>
    <testCase name="Nav can render anchors for each route" duration="11"/>
    <testCase name="Nav can style anchors correctly" duration="14"/>
  </file>
  <file path="/Users/paulcailly/dev/src/applyfuture/students/src/components/pages/landing/partners/Partners.test.tsx">
    <testCase name="Partners can render without crashing" duration="251"/>
  </file>
  <file path="/Users/paulcailly/dev/src/applyfuture/students/src/components/pages/landing/hero/Hero.test.tsx">
    <testCase name="Hero can render without crashing" duration="92"/>
  </file>
  <file path="/Users/paulcailly/dev/src/applyfuture/students/src/components/pages/landing/recruiters/Recruiters.test.tsx">
    <testCase name="Recruiters can render without crashing" duration="111"/>
  </file>
  <file path="/Users/paulcailly/dev/src/applyfuture/students/src/components/pages/landing/students/Students.test.tsx">
    <testCase name="Students can render without crashing" duration="128"/>
  </file>
  <file path="/Users/paulcailly/dev/src/applyfuture/students/src/components/pages/landing/process/Process.test.tsx">
    <testCase name="Process can render without crashing" duration="523"/>
  </file>
  <file path="/Users/paulcailly/dev/src/applyfuture/students/src/components/pages/landing/arguments/Arguments.test.tsx">
    <testCase name="Arguments can render without crashing" duration="348"/>
  </file>
  <file path="/Users/paulcailly/dev/src/applyfuture/students/src/components/core/loader/Loader.test.tsx">
    <testCase name="Loader can render without crashing" duration="51"/>
  </file>
  <file path="/Users/paulcailly/dev/src/applyfuture/students/src/components/pages/landing/schools/Schools.test.tsx">
    <testCase name="Schools can render without crashing" duration="50"/>
  </file>
  <file path="/Users/paulcailly/dev/src/applyfuture/students/src/components/layout/footer/Footer.test.tsx">
    <testCase name="Footer can render without crashing" duration="8"/>
  </file>
  <file path="/Users/paulcailly/dev/src/applyfuture/students/src/components/core/logo/Logo.test.tsx">
    <testCase name="Logo can render without crashing" duration="15"/>
  </file>
  <file path="/Users/paulcailly/dev/src/applyfuture/students/src/components/pages/landing/contact/Contact.test.tsx">
    <testCase name="Contact can render without crashing" duration="164"/>
  </file>
</testExecutions>