<?xml version="1.0" encoding="UTF-8"?>
<testExecutions version="1">
  <file path="C:\Users\sydne\Workspace\students\src\components\landing\about\About.test.tsx">
    <testCase name="About can render without crashing" duration="128"/>
  </file>
  <file path="C:\Users\sydne\Workspace\students\src\components\layout\header\Header.test.tsx">
    <testCase name="Header can render without crashing" duration="187"/>
    <testCase name="Header can call the open callback when clicking on an anchor" duration="19"/>
  </file>
  <file path="C:\Users\sydne\Workspace\students\src\components\core\input\Input.test.tsx">
    <testCase name="Input can render an input without crashing" duration="118"/>
    <testCase name="Input can render a default input" duration="33"/>
    <testCase name="Input can render a textarea input" duration="6"/>
    <testCase name="Input can render an input with a placeholder" duration="5"/>
    <testCase name="Input can render an input with a tooltip" duration="92"/>
    <testCase name="Input can render an input with optional label" duration="6"/>
    <testCase name="Input can render a disabled input" duration="19"/>
    <testCase name="Input can render an onError input" duration="21"/>
    <testCase name="Input can render a skeleton when loading" duration="27"/>
  </file>
  <file path="C:\Users\sydne\Workspace\students\src\components\landing\process\Process.test.tsx">
    <testCase name="Process can render without crashing" duration="289"/>
  </file>
  <file path="C:\Users\sydne\Workspace\students\src\components\core\button\Button.test.tsx">
    <testCase name="Button can render a button without crashing" duration="38"/>
    <testCase name="Button can render a button with text" duration="24"/>
    <testCase name="Button can render a primary variant button" duration="16"/>
    <testCase name="Button can render a secondary variant button" duration="13"/>
    <testCase name="Button can render a success variant button" duration="14"/>
    <testCase name="Button can render a danger variant button" duration="17"/>
    <testCase name="Button can render a disabled button" duration="14"/>
    <testCase name="Button can render a button with a start icon" duration="70"/>
    <testCase name="Button can render a button with a end icon" duration="23"/>
    <testCase name="Button can render a loading button" duration="15"/>
  </file>
  <file path="C:\Users\sydne\Workspace\students\src\components\landing\arguments\Arguments.test.tsx">
    <testCase name="Arguments can render without crashing" duration="185"/>
  </file>
  <file path="C:\Users\sydne\Workspace\students\src\components\layout\landing-layout\LandingLayout.test.tsx">
    <testCase name="LandingLayout can render without crashing" duration="58"/>
  </file>
  <file path="C:\Users\sydne\Workspace\students\src\components\layout\mobile-menu\MobileMenu.test.tsx">
    <testCase name="MobileMenu can render without crashing" duration="55"/>
    <testCase name="MobileMenu can call the close callback when clicking on the close icon" duration="16"/>
    <testCase name="MobileMenu can call the close callback when clicking on an anchor" duration="21"/>
  </file>
  <file path="C:\Users\sydne\Workspace\students\src\components\landing\schools\Schools.test.tsx">
    <testCase name="Schools can render without crashing" duration="31"/>
  </file>
  <file path="C:\Users\sydne\Workspace\students\src\components\landing\hero\Hero.test.tsx">
    <testCase name="Hero can render without crashing" duration="30"/>
  </file>
  <file path="C:\Users\sydne\Workspace\students\src\components\landing\partners\Partners.test.tsx">
    <testCase name="Partners can render without crashing" duration="60"/>
  </file>
  <file path="C:\Users\sydne\Workspace\students\src\components\landing\students\Students.test.tsx">
    <testCase name="Students can render without crashing" duration="38"/>
  </file>
  <file path="C:\Users\sydne\Workspace\students\src\components\layout\nav\Nav.test.tsx">
    <testCase name="Nav can render without crashing" duration="20"/>
    <testCase name="Nav can render anchors for each route" duration="11"/>
    <testCase name="Nav can style anchors correctly" duration="8"/>
  </file>
  <file path="C:\Users\sydne\Workspace\students\src\components\landing\recruiters\Recruiters.test.tsx">
    <testCase name="Recruiters can render without crashing" duration="36"/>
  </file>
  <file path="C:\Users\sydne\Workspace\students\src\components\core\loader\Loader.test.tsx">
    <testCase name="Loader can render without crashing" duration="25"/>
  </file>
  <file path="C:\Users\sydne\Workspace\students\src\components\layout\footer\Footer.test.tsx">
    <testCase name="Footer can render without crashing" duration="6"/>
  </file>
  <file path="C:\Users\sydne\Workspace\students\src\components\core\logo\Logo.test.tsx">
    <testCase name="Logo can render without crashing" duration="10"/>
  </file>
  <file path="C:\Users\sydne\Workspace\students\src\components\landing\contact\Contact.test.tsx">
    <testCase name="Contact can render without crashing" duration="262"/>
  </file>
</testExecutions>