<?xml version="1.0" encoding="UTF-8"?>
<testExecutions version="1">
  <file path="/home/paul/projects/applyfuture/students/src/components/pages/landing/process/Process.test.tsx">
    <testCase name="Process can render without crashing" duration="250"/>
  </file>
  <file path="/home/paul/projects/applyfuture/students/src/components/layout/mobile-menu/MobileMenu.test.tsx">
    <testCase name="MobileMenu can render without crashing" duration="157"/>
    <testCase name="MobileMenu can call the close callback when clicking on the close icon" duration="15"/>
    <testCase name="MobileMenu can call the close callback when clicking on an anchor" duration="11"/>
  </file>
  <file path="/home/paul/projects/applyfuture/students/src/components/layout/landing-layout/LandingLayout.test.tsx">
    <testCase name="LandingLayout can render without crashing" duration="84"/>
  </file>
  <file path="/home/paul/projects/applyfuture/students/src/components/core/input/Input.test.tsx">
    <testCase name="Input can render an input without crashing" duration="66"/>
    <testCase name="Input can render a default input" duration="18"/>
    <testCase name="Input can render a textarea input" duration="5"/>
    <testCase name="Input can render an input with a placeholder" duration="4"/>
    <testCase name="Input can render an input with a tooltip" duration="51"/>
    <testCase name="Input can render an input with optional label" duration="5"/>
    <testCase name="Input can render a disabled input" duration="13"/>
    <testCase name="Input can render an onError input" duration="22"/>
    <testCase name="Input can render a skeleton when loading" duration="18"/>
  </file>
  <file path="/home/paul/projects/applyfuture/students/src/components/core/button/Button.test.tsx">
    <testCase name="Button can render a button without crashing" duration="132"/>
    <testCase name="Button can render a button with text" duration="19"/>
    <testCase name="Button can render a primary variant button" duration="16"/>
    <testCase name="Button can render a secondary variant button" duration="12"/>
    <testCase name="Button can render a success variant button" duration="14"/>
    <testCase name="Button can render a danger variant button" duration="15"/>
    <testCase name="Button can render a disabled button" duration="7"/>
    <testCase name="Button can render a button with a start icon" duration="45"/>
    <testCase name="Button can render a button with a start icon" duration="17"/>
    <testCase name="Button can render a loading button" duration="18"/>
  </file>
  <file path="/home/paul/projects/applyfuture/students/src/components/pages/landing/contact/Contact.test.tsx">
    <testCase name="Contact can render without crashing" duration="150"/>
  </file>
  <file path="/home/paul/projects/applyfuture/students/src/components/pages/landing/partners/Partners.test.tsx">
    <testCase name="Partners can render without crashing" duration="94"/>
  </file>
  <file path="/home/paul/projects/applyfuture/students/src/components/pages/landing/recruiters/Recruiters.test.tsx">
    <testCase name="Recruiters can render without crashing" duration="64"/>
  </file>
  <file path="/home/paul/projects/applyfuture/students/src/components/pages/landing/students/Students.test.tsx">
    <testCase name="Students can render without crashing" duration="78"/>
  </file>
  <file path="/home/paul/projects/applyfuture/students/src/components/pages/landing/hero/Hero.test.tsx">
    <testCase name="Hero can render without crashing" duration="57"/>
  </file>
  <file path="/home/paul/projects/applyfuture/students/src/components/pages/landing/arguments/Arguments.test.tsx">
    <testCase name="Arguments can render without crashing" duration="150"/>
  </file>
  <file path="/home/paul/projects/applyfuture/students/src/components/layout/nav/Nav.test.tsx">
    <testCase name="Nav can render without crashing" duration="38"/>
    <testCase name="Nav can render anchors for each route" duration="10"/>
    <testCase name="Nav can style anchors correctly" duration="11"/>
  </file>
  <file path="/home/paul/projects/applyfuture/students/src/components/core/logo/Logo.test.tsx">
    <testCase name="Logo can render without crashing" duration="9"/>
  </file>
  <file path="/home/paul/projects/applyfuture/students/src/components/layout/footer/Footer.test.tsx">
    <testCase name="Footer can render without crashing" duration="6"/>
  </file>
  <file path="/home/paul/projects/applyfuture/students/src/components/layout/header/Header.test.tsx">
    <testCase name="Header can render without crashing" duration="125"/>
    <testCase name="Header can call the open callback when clicking on an anchor" duration="11"/>
  </file>
  <file path="/home/paul/projects/applyfuture/students/src/components/pages/landing/schools/Schools.test.tsx">
    <testCase name="Schools can render without crashing" duration="20"/>
  </file>
  <file path="/home/paul/projects/applyfuture/students/src/components/core/loader/Loader.test.tsx">
    <testCase name="Loader can render without crashing" duration="18"/>
  </file>
</testExecutions>