<?xml version="1.0" encoding="UTF-8"?>
<testExecutions version="1">
  <file path="/home/paul/projects/applyfuture/students/src/components/pages/landing/hero/Hero.test.tsx">
    <testCase name="Hero can render without crashing" duration="88"/>
  </file>
  <file path="/home/paul/projects/applyfuture/students/src/components/core/input/Input.test.tsx">
    <testCase name="Input can render an input without crashing" duration="78"/>
    <testCase name="Input can render a default input" duration="27"/>
    <testCase name="Input can render a textarea input" duration="3"/>
    <testCase name="Input can render an input with a placeholder" duration="5"/>
    <testCase name="Input can render an input with a tooltip" duration="57"/>
    <testCase name="Input can render an input with optional label" duration="5"/>
    <testCase name="Input can render a disabled input" duration="11"/>
    <testCase name="Input can render an onError input" duration="19"/>
    <testCase name="Input can render a skeleton when loading" duration="17"/>
  </file>
  <file path="/home/paul/projects/applyfuture/students/src/components/pages/landing/arguments/Arguments.test.tsx">
    <testCase name="Arguments can render without crashing" duration="227"/>
  </file>
  <file path="/home/paul/projects/applyfuture/students/src/components/pages/landing/contact/Contact.test.tsx">
    <testCase name="Contact can render without crashing" duration="157"/>
  </file>
  <file path="/home/paul/projects/applyfuture/students/src/components/pages/landing/process/Process.test.tsx">
    <testCase name="Process can render without crashing" duration="332"/>
  </file>
  <file path="/home/paul/projects/applyfuture/students/src/components/core/button/Button.test.tsx">
    <testCase name="Button can render a button without crashing" duration="52"/>
    <testCase name="Button can render a button with text" duration="16"/>
    <testCase name="Button can render a primary variant button" duration="15"/>
    <testCase name="Button can render a secondary variant button" duration="15"/>
    <testCase name="Button can render a success variant button" duration="33"/>
    <testCase name="Button can render a danger variant button" duration="13"/>
    <testCase name="Button can render a disabled button" duration="8"/>
    <testCase name="Button can render a button with a start icon" duration="51"/>
    <testCase name="Button can render a button with a start icon" duration="20"/>
    <testCase name="Button can render a loading button" duration="15"/>
  </file>
  <file path="/home/paul/projects/applyfuture/students/src/components/pages/landing/recruiters/Recruiters.test.tsx">
    <testCase name="Recruiters can render without crashing" duration="62"/>
  </file>
  <file path="/home/paul/projects/applyfuture/students/src/components/pages/landing/partners/Partners.test.tsx">
    <testCase name="Partners can render without crashing" duration="76"/>
  </file>
  <file path="/home/paul/projects/applyfuture/students/src/components/core/loader/Loader.test.tsx">
    <testCase name="Loader can render without crashing" duration="42"/>
  </file>
  <file path="/home/paul/projects/applyfuture/students/src/components/layout/footer/Footer.test.tsx">
    <testCase name="Footer can render without crashing" duration="36"/>
  </file>
  <file path="/home/paul/projects/applyfuture/students/src/components/pages/landing/schools/Schools.test.tsx">
    <testCase name="Schools can render without crashing" duration="43"/>
  </file>
  <file path="/home/paul/projects/applyfuture/students/src/components/pages/landing/students/Students.test.tsx">
    <testCase name="Students can render without crashing" duration="41"/>
  </file>
  <file path="/home/paul/projects/applyfuture/students/src/components/layout/landing-layout/LandingLayout.test.tsx">
    <testCase name="LandingLayout can render without crashing" duration="18"/>
  </file>
</testExecutions>